<?xml version="1.0" encoding="UTF-8"?>
<Site BuildName="Win32-MSBuild"
	BuildStamp="20220102-1251-Experimental"
	Name="Drragon"
	Generator="ctest-3.21.3"
	CompilerName="C:/Program Files (x86)/Microsoft Visual Studio/2019/Community/VC/Tools/MSVC/14.29.30133/bin/Hostx86/x64/cl.exe"
	CompilerVersion="19.29.30136.0"
	OSName="Windows"
	Hostname="Drragon"
	OSRelease=" Professional"
	OSVersion=" (Build 19043)"
	OSPlatform="AMD64"
	Is64Bits="1"
	VendorString="AuthenticAMD"
	VendorID="Advanced Micro Devices"
	FamilyID="15"
	ModelID="1"
	ProcessorCacheSize="64"
	NumberOfLogicalCPU="16"
	NumberOfPhysicalCPU="8"
	TotalVirtualMemory="42248"
	TotalPhysicalMemory="32712"
	LogicalProcessorsPerPhysical="2"
	ProcessorClockFrequency="3593"
	>
	<Testing>
		<StartDateTime>Jan 02 13:51 Romance Standard Time</StartDateTime>
		<StartTestTime>1641127897</StartTestTime>
		<TestList/>
		<EndDateTime>Jan 02 13:51 Romance Standard Time</EndDateTime>
		<EndTestTime>1641127897</EndTestTime>
		<ElapsedMinutes>0</ElapsedMinutes>
	</Testing>
</Site>
